[19/Nov/2021 23:45:37] DEBUG [django.db.backends:128] (0.000) 
            SELECT name, type FROM sqlite_master
            WHERE type in ('table', 'view') AND NOT name='sqlite_sequence'
            ORDER BY name; args=None
[19/Nov/2021 23:45:37] DEBUG [django.db.backends:128] (0.000) SELECT "django_migrations"."id", "django_migrations"."app", "django_migrations"."name", "django_migrations"."applied" FROM "django_migrations"; args=()
[19/Nov/2021 23:47:46] DEBUG [django.db.backends:128] (0.000) 
            SELECT name, type FROM sqlite_master
            WHERE type in ('table', 'view') AND NOT name='sqlite_sequence'
            ORDER BY name; args=None
[19/Nov/2021 23:47:46] DEBUG [django.db.backends:128] (0.000) SELECT "django_migrations"."id", "django_migrations"."app", "django_migrations"."name", "django_migrations"."applied" FROM "django_migrations"; args=()
[19/Nov/2021 23:48:17] DEBUG [django.db.backends:128] (0.000) 
            SELECT name, type FROM sqlite_master
            WHERE type in ('table', 'view') AND NOT name='sqlite_sequence'
            ORDER BY name; args=None
[19/Nov/2021 23:48:17] DEBUG [django.db.backends:128] (0.000) SELECT "django_migrations"."id", "django_migrations"."app", "django_migrations"."name", "django_migrations"."applied" FROM "django_migrations"; args=()
[19/Nov/2021 23:50:44] DEBUG [django.db.backends:128] (0.000) 
            SELECT name, type FROM sqlite_master
            WHERE type in ('table', 'view') AND NOT name='sqlite_sequence'
            ORDER BY name; args=None
[19/Nov/2021 23:50:44] DEBUG [django.db.backends:128] (0.000) SELECT "django_migrations"."id", "django_migrations"."app", "django_migrations"."name", "django_migrations"."applied" FROM "django_migrations"; args=()
[19/Nov/2021 23:51:19] DEBUG [django.db.backends:128] (0.000) 
            SELECT name, type FROM sqlite_master
            WHERE type in ('table', 'view') AND NOT name='sqlite_sequence'
            ORDER BY name; args=None
[19/Nov/2021 23:51:19] DEBUG [django.db.backends:128] (0.000) SELECT "django_migrations"."id", "django_migrations"."app", "django_migrations"."name", "django_migrations"."applied" FROM "django_migrations"; args=()
[19/Nov/2021 23:51:45] DEBUG [django.db.backends:128] (0.000) 
            SELECT name, type FROM sqlite_master
            WHERE type in ('table', 'view') AND NOT name='sqlite_sequence'
            ORDER BY name; args=None
[19/Nov/2021 23:51:45] DEBUG [django.db.backends:128] (0.000) SELECT "django_migrations"."id", "django_migrations"."app", "django_migrations"."name", "django_migrations"."applied" FROM "django_migrations"; args=()
[19/Nov/2021 23:53:25] DEBUG [django.db.backends:128] (0.000) 
            SELECT name, type FROM sqlite_master
            WHERE type in ('table', 'view') AND NOT name='sqlite_sequence'
            ORDER BY name; args=None
[19/Nov/2021 23:53:25] DEBUG [django.db.backends:128] (0.000) SELECT "django_migrations"."id", "django_migrations"."app", "django_migrations"."name", "django_migrations"."applied" FROM "django_migrations"; args=()
[20/Nov/2021 09:59:04] DEBUG [django.db.backends:128] (0.000) 
            SELECT name, type FROM sqlite_master
            WHERE type in ('table', 'view') AND NOT name='sqlite_sequence'
            ORDER BY name; args=None
[20/Nov/2021 09:59:04] DEBUG [django.db.backends:128] (0.000) SELECT "django_migrations"."id", "django_migrations"."app", "django_migrations"."name", "django_migrations"."applied" FROM "django_migrations"; args=()
[20/Nov/2021 09:59:57] DEBUG [django.db.backends:128] (0.016) 
            SELECT name, type FROM sqlite_master
            WHERE type in ('table', 'view') AND NOT name='sqlite_sequence'
            ORDER BY name; args=None
[20/Nov/2021 09:59:57] DEBUG [django.db.backends:128] (0.000) SELECT "django_migrations"."id", "django_migrations"."app", "django_migrations"."name", "django_migrations"."applied" FROM "django_migrations"; args=()
[20/Nov/2021 10:00:27] DEBUG [django.db.backends:128] (0.032) SELECT "django_session"."session_key", "django_session"."session_data", "django_session"."expire_date" FROM "django_session" WHERE ("django_session"."expire_date" > '2021-11-20 02:00:27.863180' AND "django_session"."session_key" = '458urqgjodalaz2yzfxs5ols2h07is93') LIMIT 21; args=('2021-11-20 02:00:27.863180', '458urqgjodalaz2yzfxs5ols2h07is93')
[20/Nov/2021 10:00:27] DEBUG [django.db.backends:128] (0.000) SELECT "django_session"."session_key", "django_session"."session_data", "django_session"."expire_date" FROM "django_session" WHERE ("django_session"."expire_date" > '2021-11-20 02:00:27.954405' AND "django_session"."session_key" = '458urqgjodalaz2yzfxs5ols2h07is93') LIMIT 21; args=('2021-11-20 02:00:27.954405', '458urqgjodalaz2yzfxs5ols2h07is93')
[20/Nov/2021 10:01:02] DEBUG [django.db.backends:128] (0.000) SELECT "django_session"."session_key", "django_session"."session_data", "django_session"."expire_date" FROM "django_session" WHERE ("django_session"."expire_date" > '2021-11-20 02:01:02.036673' AND "django_session"."session_key" = '458urqgjodalaz2yzfxs5ols2h07is93') LIMIT 21; args=('2021-11-20 02:01:02.036673', '458urqgjodalaz2yzfxs5ols2h07is93')
[20/Nov/2021 10:01:02] DEBUG [django.db.backends:128] (0.000) SELECT "auth_user"."id", "auth_user"."password", "auth_user"."last_login", "auth_user"."is_superuser", "auth_user"."username", "auth_user"."first_name", "auth_user"."last_name", "auth_user"."email", "auth_user"."is_staff", "auth_user"."is_active", "auth_user"."date_joined" FROM "auth_user" WHERE "auth_user"."username" = 'garyopen' LIMIT 21; args=('garyopen',)
[20/Nov/2021 10:01:10] DEBUG [django.db.backends:128] (0.000) SELECT "django_session"."session_key", "django_session"."session_data", "django_session"."expire_date" FROM "django_session" WHERE ("django_session"."expire_date" > '2021-11-20 02:01:10.311609' AND "django_session"."session_key" = '458urqgjodalaz2yzfxs5ols2h07is93') LIMIT 21; args=('2021-11-20 02:01:10.311609', '458urqgjodalaz2yzfxs5ols2h07is93')
[20/Nov/2021 10:01:10] DEBUG [django.db.backends:128] (0.000) SELECT "auth_user"."id", "auth_user"."password", "auth_user"."last_login", "auth_user"."is_superuser", "auth_user"."username", "auth_user"."first_name", "auth_user"."last_name", "auth_user"."email", "auth_user"."is_staff", "auth_user"."is_active", "auth_user"."date_joined" FROM "auth_user" WHERE "auth_user"."username" = 'garyopen1876' LIMIT 21; args=('garyopen1876',)
[20/Nov/2021 10:01:35] DEBUG [django.db.backends:128] (0.000) SELECT "django_session"."session_key", "django_session"."session_data", "django_session"."expire_date" FROM "django_session" WHERE ("django_session"."expire_date" > '2021-11-20 02:01:35.383989' AND "django_session"."session_key" = '458urqgjodalaz2yzfxs5ols2h07is93') LIMIT 21; args=('2021-11-20 02:01:35.383989', '458urqgjodalaz2yzfxs5ols2h07is93')
[20/Nov/2021 10:01:35] DEBUG [django.db.backends:128] (0.000) SELECT "auth_user"."id", "auth_user"."password", "auth_user"."last_login", "auth_user"."is_superuser", "auth_user"."username", "auth_user"."first_name", "auth_user"."last_name", "auth_user"."email", "auth_user"."is_staff", "auth_user"."is_active", "auth_user"."date_joined" FROM "auth_user" WHERE "auth_user"."username" = 'garyopen' LIMIT 21; args=('garyopen',)
[20/Nov/2021 10:01:35] DEBUG [django.db.backends:128] (0.000) SELECT (1) AS "a" FROM "django_session" WHERE "django_session"."session_key" = '04e5ix4ly9879trw8y7f65ex19kh9aam' LIMIT 1; args=('04e5ix4ly9879trw8y7f65ex19kh9aam',)
[20/Nov/2021 10:01:35] DEBUG [django.db.backends:128] (0.000) BEGIN; args=None
[20/Nov/2021 10:01:35] DEBUG [django.db.backends:128] (0.000) INSERT INTO "django_session" ("session_key", "session_data", "expire_date") SELECT '04e5ix4ly9879trw8y7f65ex19kh9aam', 'e30:1moFh9:iuxs7CkU5z47TSiGHz-vZJdGRYBdLNxvxECjpumGXI0', '2021-12-04 02:01:35.617890'; args=('04e5ix4ly9879trw8y7f65ex19kh9aam', 'e30:1moFh9:iuxs7CkU5z47TSiGHz-vZJdGRYBdLNxvxECjpumGXI0', '2021-12-04 02:01:35.617890')
[20/Nov/2021 10:01:35] DEBUG [django.db.backends:128] (0.000) SELECT "django_session"."session_key", "django_session"."session_data", "django_session"."expire_date" FROM "django_session" WHERE "django_session"."session_key" = '458urqgjodalaz2yzfxs5ols2h07is93' LIMIT 21; args=('458urqgjodalaz2yzfxs5ols2h07is93',)
[20/Nov/2021 10:01:35] DEBUG [django.db.backends:128] (0.094) DELETE FROM "django_session" WHERE "django_session"."session_key" IN ('458urqgjodalaz2yzfxs5ols2h07is93'); args=('458urqgjodalaz2yzfxs5ols2h07is93',)
[20/Nov/2021 10:01:35] DEBUG [django.db.backends:128] (0.062) UPDATE "auth_user" SET "last_login" = '2021-11-20 02:01:35.770779' WHERE "auth_user"."id" = 1; args=('2021-11-20 02:01:35.770779', 1)
[20/Nov/2021 10:01:35] DEBUG [django.db.backends:128] (0.000) BEGIN; args=None
[20/Nov/2021 10:01:35] DEBUG [django.db.backends:128] (0.000) UPDATE "django_session" SET "session_data" = '.eJxVjDsOwjAQBe_iGlmE9ZeSPmewdtc2DiBHipMKcXccKQW0M_PeWwTc1hK2lpYwRXEVgzj9MkJ-prqL-MB6nyXPdV0mknsiD9vkOMf0uh3t30HBVvoaBmsVeZOjdxnZa4hGGw06g-0ULyozJEuAmRIlx9mxZUCgnit3Fp8v6zY4tA:1moFh9:r4NakKGwGKQ8yhBII1vDiLbuWdHiVr5lhzo2ll_m8fQ', "expire_date" = '2021-12-04 02:01:35.835408' WHERE "django_session"."session_key" = '04e5ix4ly9879trw8y7f65ex19kh9aam'; args=('.eJxVjDsOwjAQBe_iGlmE9ZeSPmewdtc2DiBHipMKcXccKQW0M_PeWwTc1hK2lpYwRXEVgzj9MkJ-prqL-MB6nyXPdV0mknsiD9vkOMf0uh3t30HBVvoaBmsVeZOjdxnZa4hGGw06g-0ULyozJEuAmRIlx9mxZUCgnit3Fp8v6zY4tA:1moFh9:r4NakKGwGKQ8yhBII1vDiLbuWdHiVr5lhzo2ll_m8fQ', '2021-12-04 02:01:35.835408', '04e5ix4ly9879trw8y7f65ex19kh9aam')
[20/Nov/2021 10:01:35] DEBUG [django.db.backends:128] (0.000) SELECT "django_session"."session_key", "django_session"."session_data", "django_session"."expire_date" FROM "django_session" WHERE ("django_session"."expire_date" > '2021-11-20 02:01:35.908025' AND "django_session"."session_key" = '04e5ix4ly9879trw8y7f65ex19kh9aam') LIMIT 21; args=('2021-11-20 02:01:35.908025', '04e5ix4ly9879trw8y7f65ex19kh9aam')
[20/Nov/2021 10:01:35] DEBUG [django.db.backends:128] (0.000) SELECT "auth_user"."id", "auth_user"."password", "auth_user"."last_login", "auth_user"."is_superuser", "auth_user"."username", "auth_user"."first_name", "auth_user"."last_name", "auth_user"."email", "auth_user"."is_staff", "auth_user"."is_active", "auth_user"."date_joined" FROM "auth_user" WHERE "auth_user"."id" = 1 LIMIT 21; args=(1,)
[20/Nov/2021 10:01:35] DEBUG [django.db.backends:128] (0.000) SELECT "django_admin_log"."id", "django_admin_log"."action_time", "django_admin_log"."user_id", "django_admin_log"."content_type_id", "django_admin_log"."object_id", "django_admin_log"."object_repr", "django_admin_log"."action_flag", "django_admin_log"."change_message", "auth_user"."id", "auth_user"."password", "auth_user"."last_login", "auth_user"."is_superuser", "auth_user"."username", "auth_user"."first_name", "auth_user"."last_name", "auth_user"."email", "auth_user"."is_staff", "auth_user"."is_active", "auth_user"."date_joined", "django_content_type"."id", "django_content_type"."app_label", "django_content_type"."model" FROM "django_admin_log" INNER JOIN "auth_user" ON ("django_admin_log"."user_id" = "auth_user"."id") LEFT OUTER JOIN "django_content_type" ON ("django_admin_log"."content_type_id" = "django_content_type"."id") WHERE "django_admin_log"."user_id" = 1 ORDER BY "django_admin_log"."action_time" DESC LIMIT 10; args=(1,)
[20/Nov/2021 10:01:39] DEBUG [django.db.backends:128] (0.000) SELECT "django_session"."session_key", "django_session"."session_data", "django_session"."expire_date" FROM "django_session" WHERE ("django_session"."expire_date" > '2021-11-20 02:01:39.389932' AND "django_session"."session_key" = '04e5ix4ly9879trw8y7f65ex19kh9aam') LIMIT 21; args=('2021-11-20 02:01:39.389932', '04e5ix4ly9879trw8y7f65ex19kh9aam')
[20/Nov/2021 10:01:39] DEBUG [django.db.backends:128] (0.000) SELECT "auth_user"."id", "auth_user"."password", "auth_user"."last_login", "auth_user"."is_superuser", "auth_user"."username", "auth_user"."first_name", "auth_user"."last_name", "auth_user"."email", "auth_user"."is_staff", "auth_user"."is_active", "auth_user"."date_joined" FROM "auth_user" WHERE "auth_user"."id" = 1 LIMIT 21; args=(1,)
[20/Nov/2021 10:01:39] DEBUG [django.db.backends:128] (0.000) SELECT COUNT(*) AS "__count" FROM "web_message"; args=()
[20/Nov/2021 10:01:39] DEBUG [django.db.backends:128] (0.000) SELECT "web_message"."id", "web_message"."created", "web_message"."title", "web_message"."content", "web_message"."url" FROM "web_message" ORDER BY "web_message"."created" ASC, "web_message"."id" DESC LIMIT 21; args=()
[20/Nov/2021 10:01:39] DEBUG [django.db.backends:128] (0.000) SELECT "web_message"."id", "web_message"."created", "web_message"."title", "web_message"."content", "web_message"."url" FROM "web_message" ORDER BY "web_message"."created" ASC, "web_message"."id" DESC LIMIT 21; args=()
[20/Nov/2021 10:01:41] DEBUG [django.db.backends:128] (0.000) SELECT "django_session"."session_key", "django_session"."session_data", "django_session"."expire_date" FROM "django_session" WHERE ("django_session"."expire_date" > '2021-11-20 02:01:41.564607' AND "django_session"."session_key" = '04e5ix4ly9879trw8y7f65ex19kh9aam') LIMIT 21; args=('2021-11-20 02:01:41.564607', '04e5ix4ly9879trw8y7f65ex19kh9aam')
[20/Nov/2021 10:01:41] DEBUG [django.db.backends:128] (0.000) SELECT "auth_user"."id", "auth_user"."password", "auth_user"."last_login", "auth_user"."is_superuser", "auth_user"."username", "auth_user"."first_name", "auth_user"."last_name", "auth_user"."email", "auth_user"."is_staff", "auth_user"."is_active", "auth_user"."date_joined" FROM "auth_user" WHERE "auth_user"."id" = 1 LIMIT 21; args=(1,)
[20/Nov/2021 10:01:41] DEBUG [django.db.backends:128] (0.000) SELECT "django_admin_log"."id", "django_admin_log"."action_time", "django_admin_log"."user_id", "django_admin_log"."content_type_id", "django_admin_log"."object_id", "django_admin_log"."object_repr", "django_admin_log"."action_flag", "django_admin_log"."change_message", "auth_user"."id", "auth_user"."password", "auth_user"."last_login", "auth_user"."is_superuser", "auth_user"."username", "auth_user"."first_name", "auth_user"."last_name", "auth_user"."email", "auth_user"."is_staff", "auth_user"."is_active", "auth_user"."date_joined", "django_content_type"."id", "django_content_type"."app_label", "django_content_type"."model" FROM "django_admin_log" INNER JOIN "auth_user" ON ("django_admin_log"."user_id" = "auth_user"."id") LEFT OUTER JOIN "django_content_type" ON ("django_admin_log"."content_type_id" = "django_content_type"."id") WHERE "django_admin_log"."user_id" = 1 ORDER BY "django_admin_log"."action_time" DESC LIMIT 10; args=(1,)
[20/Nov/2021 10:01:43] DEBUG [django.db.backends:128] (0.000) SELECT "django_session"."session_key", "django_session"."session_data", "django_session"."expire_date" FROM "django_session" WHERE ("django_session"."expire_date" > '2021-11-20 02:01:43.230152' AND "django_session"."session_key" = '04e5ix4ly9879trw8y7f65ex19kh9aam') LIMIT 21; args=('2021-11-20 02:01:43.230152', '04e5ix4ly9879trw8y7f65ex19kh9aam')
[20/Nov/2021 10:01:43] DEBUG [django.db.backends:128] (0.015) SELECT "auth_user"."id", "auth_user"."password", "auth_user"."last_login", "auth_user"."is_superuser", "auth_user"."username", "auth_user"."first_name", "auth_user"."last_name", "auth_user"."email", "auth_user"."is_staff", "auth_user"."is_active", "auth_user"."date_joined" FROM "auth_user" WHERE "auth_user"."id" = 1 LIMIT 21; args=(1,)
[20/Nov/2021 10:01:43] DEBUG [django.db.backends:128] (0.000) SELECT "auth_group"."id", "auth_group"."name" FROM "auth_group" ORDER BY "auth_group"."name" ASC; args=()
[20/Nov/2021 10:01:43] DEBUG [django.db.backends:128] (0.000) SELECT COUNT(*) AS "__count" FROM "auth_user"; args=()
[20/Nov/2021 10:01:43] DEBUG [django.db.backends:128] (0.000) SELECT COUNT(*) AS "__count" FROM "auth_user"; args=()
[20/Nov/2021 10:01:43] DEBUG [django.db.backends:128] (0.000) SELECT "auth_user"."id", "auth_user"."password", "auth_user"."last_login", "auth_user"."is_superuser", "auth_user"."username", "auth_user"."first_name", "auth_user"."last_name", "auth_user"."email", "auth_user"."is_staff", "auth_user"."is_active", "auth_user"."date_joined", "web_profile"."id", "web_profile"."user_id", "web_profile"."role" FROM "auth_user" LEFT OUTER JOIN "web_profile" ON ("auth_user"."id" = "web_profile"."user_id") ORDER BY "auth_user"."username" ASC; args=()
[20/Nov/2021 10:01:43] DEBUG [django.db.backends:128] (0.000) SELECT "auth_user"."id", "auth_user"."password", "auth_user"."last_login", "auth_user"."is_superuser", "auth_user"."username", "auth_user"."first_name", "auth_user"."last_name", "auth_user"."email", "auth_user"."is_staff", "auth_user"."is_active", "auth_user"."date_joined", "web_profile"."id", "web_profile"."user_id", "web_profile"."role" FROM "auth_user" LEFT OUTER JOIN "web_profile" ON ("auth_user"."id" = "web_profile"."user_id") ORDER BY "auth_user"."username" ASC LIMIT 21; args=()
[20/Nov/2021 10:01:43] DEBUG [django.db.backends:128] (0.000) SELECT "auth_user"."id", "auth_user"."password", "auth_user"."last_login", "auth_user"."is_superuser", "auth_user"."username", "auth_user"."first_name", "auth_user"."last_name", "auth_user"."email", "auth_user"."is_staff", "auth_user"."is_active", "auth_user"."date_joined", "web_profile"."id", "web_profile"."user_id", "web_profile"."role" FROM "auth_user" LEFT OUTER JOIN "web_profile" ON ("auth_user"."id" = "web_profile"."user_id") ORDER BY "auth_user"."username" ASC LIMIT 21; args=()
[20/Nov/2021 10:01:43] DEBUG [django.db.backends:128] (0.000) SELECT "auth_user"."id", "auth_user"."password", "auth_user"."last_login", "auth_user"."is_superuser", "auth_user"."username", "auth_user"."first_name", "auth_user"."last_name", "auth_user"."email", "auth_user"."is_staff", "auth_user"."is_active", "auth_user"."date_joined", "web_profile"."id", "web_profile"."user_id", "web_profile"."role" FROM "auth_user" LEFT OUTER JOIN "web_profile" ON ("auth_user"."id" = "web_profile"."user_id") ORDER BY "auth_user"."username" ASC LIMIT 21; args=()
[20/Nov/2021 10:01:48] DEBUG [django.db.backends:128] (0.000) SELECT "django_session"."session_key", "django_session"."session_data", "django_session"."expire_date" FROM "django_session" WHERE ("django_session"."expire_date" > '2021-11-20 02:01:48.604012' AND "django_session"."session_key" = '04e5ix4ly9879trw8y7f65ex19kh9aam') LIMIT 21; args=('2021-11-20 02:01:48.604012', '04e5ix4ly9879trw8y7f65ex19kh9aam')
[20/Nov/2021 10:01:48] DEBUG [django.db.backends:128] (0.000) SELECT "auth_user"."id", "auth_user"."password", "auth_user"."last_login", "auth_user"."is_superuser", "auth_user"."username", "auth_user"."first_name", "auth_user"."last_name", "auth_user"."email", "auth_user"."is_staff", "auth_user"."is_active", "auth_user"."date_joined" FROM "auth_user" WHERE "auth_user"."id" = 1 LIMIT 21; args=(1,)
[20/Nov/2021 10:01:48] DEBUG [django.db.backends:128] (0.000) SELECT "django_admin_log"."id", "django_admin_log"."action_time", "django_admin_log"."user_id", "django_admin_log"."content_type_id", "django_admin_log"."object_id", "django_admin_log"."object_repr", "django_admin_log"."action_flag", "django_admin_log"."change_message", "auth_user"."id", "auth_user"."password", "auth_user"."last_login", "auth_user"."is_superuser", "auth_user"."username", "auth_user"."first_name", "auth_user"."last_name", "auth_user"."email", "auth_user"."is_staff", "auth_user"."is_active", "auth_user"."date_joined", "django_content_type"."id", "django_content_type"."app_label", "django_content_type"."model" FROM "django_admin_log" INNER JOIN "auth_user" ON ("django_admin_log"."user_id" = "auth_user"."id") LEFT OUTER JOIN "django_content_type" ON ("django_admin_log"."content_type_id" = "django_content_type"."id") WHERE "django_admin_log"."user_id" = 1 ORDER BY "django_admin_log"."action_time" DESC LIMIT 10; args=(1,)
[20/Nov/2021 10:01:50] DEBUG [django.db.backends:128] (0.000) SELECT "django_session"."session_key", "django_session"."session_data", "django_session"."expire_date" FROM "django_session" WHERE ("django_session"."expire_date" > '2021-11-20 02:01:50.077160' AND "django_session"."session_key" = '04e5ix4ly9879trw8y7f65ex19kh9aam') LIMIT 21; args=('2021-11-20 02:01:50.077160', '04e5ix4ly9879trw8y7f65ex19kh9aam')
[20/Nov/2021 10:01:50] DEBUG [django.db.backends:128] (0.000) SELECT "auth_user"."id", "auth_user"."password", "auth_user"."last_login", "auth_user"."is_superuser", "auth_user"."username", "auth_user"."first_name", "auth_user"."last_name", "auth_user"."email", "auth_user"."is_staff", "auth_user"."is_active", "auth_user"."date_joined" FROM "auth_user" WHERE "auth_user"."id" = 1 LIMIT 21; args=(1,)
[20/Nov/2021 10:01:50] DEBUG [django.db.backends:128] (0.000) SELECT COUNT(*) AS "__count" FROM "auth_group"; args=()
[20/Nov/2021 10:01:50] DEBUG [django.db.backends:128] (0.000) SELECT COUNT(*) AS "__count" FROM "auth_group"; args=()
[20/Nov/2021 10:01:50] DEBUG [django.db.backends:128] (0.000) SELECT "auth_group"."id", "auth_group"."name" FROM "auth_group" ORDER BY "auth_group"."name" ASC; args=()
[20/Nov/2021 10:01:50] DEBUG [django.db.backends:128] (0.000) SELECT "django_session"."session_key", "django_session"."session_data", "django_session"."expire_date" FROM "django_session" WHERE ("django_session"."expire_date" > '2021-11-20 02:01:50.153116' AND "django_session"."session_key" = '04e5ix4ly9879trw8y7f65ex19kh9aam') LIMIT 21; args=('2021-11-20 02:01:50.153116', '04e5ix4ly9879trw8y7f65ex19kh9aam')
[20/Nov/2021 10:01:50] DEBUG [django.db.backends:128] (0.000) SELECT "auth_user"."id", "auth_user"."password", "auth_user"."last_login", "auth_user"."is_superuser", "auth_user"."username", "auth_user"."first_name", "auth_user"."last_name", "auth_user"."email", "auth_user"."is_staff", "auth_user"."is_active", "auth_user"."date_joined" FROM "auth_user" WHERE "auth_user"."id" = 1 LIMIT 21; args=(1,)
[20/Nov/2021 10:01:52] DEBUG [django.db.backends:128] (0.015) SELECT "django_session"."session_key", "django_session"."session_data", "django_session"."expire_date" FROM "django_session" WHERE ("django_session"."expire_date" > '2021-11-20 02:01:52.108798' AND "django_session"."session_key" = '04e5ix4ly9879trw8y7f65ex19kh9aam') LIMIT 21; args=('2021-11-20 02:01:52.108798', '04e5ix4ly9879trw8y7f65ex19kh9aam')
[20/Nov/2021 10:01:52] DEBUG [django.db.backends:128] (0.000) SELECT "auth_user"."id", "auth_user"."password", "auth_user"."last_login", "auth_user"."is_superuser", "auth_user"."username", "auth_user"."first_name", "auth_user"."last_name", "auth_user"."email", "auth_user"."is_staff", "auth_user"."is_active", "auth_user"."date_joined" FROM "auth_user" WHERE "auth_user"."id" = 1 LIMIT 21; args=(1,)
[20/Nov/2021 10:01:52] DEBUG [django.db.backends:128] (0.000) SELECT "django_admin_log"."id", "django_admin_log"."action_time", "django_admin_log"."user_id", "django_admin_log"."content_type_id", "django_admin_log"."object_id", "django_admin_log"."object_repr", "django_admin_log"."action_flag", "django_admin_log"."change_message", "auth_user"."id", "auth_user"."password", "auth_user"."last_login", "auth_user"."is_superuser", "auth_user"."username", "auth_user"."first_name", "auth_user"."last_name", "auth_user"."email", "auth_user"."is_staff", "auth_user"."is_active", "auth_user"."date_joined", "django_content_type"."id", "django_content_type"."app_label", "django_content_type"."model" FROM "django_admin_log" INNER JOIN "auth_user" ON ("django_admin_log"."user_id" = "auth_user"."id") LEFT OUTER JOIN "django_content_type" ON ("django_admin_log"."content_type_id" = "django_content_type"."id") WHERE "django_admin_log"."user_id" = 1 ORDER BY "django_admin_log"."action_time" DESC LIMIT 10; args=(1,)
[20/Nov/2021 10:02:45] DEBUG [django.db.backends:128] (0.000) 
            SELECT name, type FROM sqlite_master
            WHERE type in ('table', 'view') AND NOT name='sqlite_sequence'
            ORDER BY name; args=None
[20/Nov/2021 10:02:45] DEBUG [django.db.backends:128] (0.000) SELECT "django_migrations"."id", "django_migrations"."app", "django_migrations"."name", "django_migrations"."applied" FROM "django_migrations"; args=()
[20/Nov/2021 10:06:18] DEBUG [django.db.backends:128] (0.000) 
            SELECT name, type FROM sqlite_master
            WHERE type in ('table', 'view') AND NOT name='sqlite_sequence'
            ORDER BY name; args=None
[20/Nov/2021 10:06:18] DEBUG [django.db.backends:128] (0.000) SELECT "django_migrations"."id", "django_migrations"."app", "django_migrations"."name", "django_migrations"."applied" FROM "django_migrations"; args=()
[20/Nov/2021 10:06:46] DEBUG [django.db.backends:128] (0.000) 
            SELECT name, type FROM sqlite_master
            WHERE type in ('table', 'view') AND NOT name='sqlite_sequence'
            ORDER BY name; args=None
[20/Nov/2021 10:06:46] DEBUG [django.db.backends:128] (0.000) SELECT "django_migrations"."id", "django_migrations"."app", "django_migrations"."name", "django_migrations"."applied" FROM "django_migrations"; args=()
[20/Nov/2021 10:06:48] DEBUG [django.db.backends:128] (0.000) SELECT "django_session"."session_key", "django_session"."session_data", "django_session"."expire_date" FROM "django_session" WHERE ("django_session"."expire_date" > '2021-11-20 02:06:48.418395' AND "django_session"."session_key" = '04e5ix4ly9879trw8y7f65ex19kh9aam') LIMIT 21; args=('2021-11-20 02:06:48.418395', '04e5ix4ly9879trw8y7f65ex19kh9aam')
[20/Nov/2021 10:06:48] DEBUG [django.db.backends:128] (0.000) SELECT "auth_user"."id", "auth_user"."password", "auth_user"."last_login", "auth_user"."is_superuser", "auth_user"."username", "auth_user"."first_name", "auth_user"."last_name", "auth_user"."email", "auth_user"."is_staff", "auth_user"."is_active", "auth_user"."date_joined" FROM "auth_user" WHERE "auth_user"."id" = 1 LIMIT 21; args=(1,)
